# JRE version: OpenJDK Runtime Environment (8.0_275-b01) (build 1.8.0_275-b01)
# Java VM: OpenJDK 64-Bit Server VM (25.275-b01 mixed mode windows-amd64 compressed oops)
Heap:
 PSYoungGen      total 124416K, used 7011K [0x00000000f5580000, 0x00000000ffd80000, 0x0000000100000000)
  eden space 79872K, 2% used [0x00000000f5580000,0x00000000f57c2718,0x00000000fa380000)
  from space 44544K, 10% used [0x00000000fd200000,0x00000000fd6966f8,0x00000000ffd80000)
  to   space 46080K, 0% used [0x00000000fa380000,0x00000000fa380000,0x00000000fd080000)
 ParOldGen       total 349696K, used 265632K [0x00000000e0000000, 0x00000000f5580000, 0x00000000f5580000)
  object space 349696K, 75% used [0x00000000e0000000,0x00000000f0368050,0x00000000f5580000)
 Metaspace       used 90225K, capacity 99446K, committed 99608K, reserved 1134592K
  class space    used 12728K, capacity 15124K, committed 15144K, reserved 1048576K
GC Heap History (10 events):
Event: 59.524 GC heap after
Heap after GC invocations=39 (full 4):
 PSYoungGen      total 143360K, used 30201K [0x00000000f5580000, 0x0000000100000000, 0x0000000100000000)
  eden space 113152K, 0% used [0x00000000f5580000,0x00000000f5580000,0x00000000fc400000)
  from space 30208K, 99% used [0x00000000fc400000,0x00000000fe17e678,0x00000000fe180000)
  to   space 31232K, 0% used [0x00000000fe180000,0x00000000fe180000,0x0000000100000000)
 ParOldGen       total 349696K, used 203501K [0x00000000e0000000, 0x00000000f5580000, 0x00000000f5580000)
  object space 349696K, 58% used [0x00000000e0000000,0x00000000ec6bb4f8,0x00000000f5580000)
 Metaspace       used 83852K, capacity 92094K, committed 92568K, reserved 1128448K
  class space    used 11667K, capacity 13888K, committed 13992K, reserved 1048576K
}
Event: 60.009 GC heap before
{Heap before GC invocations=40 (full 4):
 PSYoungGen      total 143360K, used 143353K [0x00000000f5580000, 0x0000000100000000, 0x0000000100000000)
  eden space 113152K, 100% used [0x00000000f5580000,0x00000000fc400000,0x00000000fc400000)
  from space 30208K, 99% used [0x00000000fc400000,0x00000000fe17e678,0x00000000fe180000)
  to   space 31232K, 0% used [0x00000000fe180000,0x00000000fe180000,0x0000000100000000)
 ParOldGen       total 349696K, used 203503K [0x00000000e0000000, 0x00000000f5580000, 0x00000000f5580000)
  object space 349696K, 58% used [0x00000000e0000000,0x00000000ec6bbf20,0x00000000f5580000)
 Metaspace       used 88515K, capacity 97430K, committed 97560K, reserved 1132544K
  class space    used 12518K, capacity 14862K, committed 14888K, reserved 1048576K
Event: 60.041 GC heap after
Heap after GC invocations=40 (full 4):
 PSYoungGen      total 105472K, used 31210K [0x00000000f5580000, 0x0000000100000000, 0x0000000100000000)
  eden space 74240K, 0% used [0x00000000f5580000,0x00000000f5580000,0x00000000f9e00000)
  from space 31232K, 99% used [0x00000000fe180000,0x00000000ffffaa28,0x0000000100000000)
  to   space 50176K, 0% used [0x00000000f9e00000,0x00000000f9e00000,0x00000000fcf00000)
 ParOldGen       total 349696K, used 225089K [0x00000000e0000000, 0x00000000f5580000, 0x00000000f5580000)
  object space 349696K, 64% used [0x00000000e0000000,0x00000000edbd07d0,0x00000000f5580000)
 Metaspace       used 88515K, capacity 97430K, committed 97560K, reserved 1132544K
  class space    used 12518K, capacity 14862K, committed 14888K, reserved 1048576K
}
Event: 60.339 GC heap before
{Heap before GC invocations=41 (full 4):
 PSYoungGen      total 105472K, used 105450K [0x00000000f5580000, 0x0000000100000000, 0x0000000100000000)
  eden space 74240K, 100% used [0x00000000f5580000,0x00000000f9e00000,0x00000000f9e00000)
  from space 31232K, 99% used [0x00000000fe180000,0x00000000ffffaa28,0x0000000100000000)
  to   space 50176K, 0% used [0x00000000f9e00000,0x00000000f9e00000,0x00000000fcf00000)
 ParOldGen       total 349696K, used 225089K [0x00000000e0000000, 0x00000000f5580000, 0x00000000f5580000)
  object space 349696K, 64% used [0x00000000e0000000,0x00000000edbd07d0,0x00000000f5580000)
 Metaspace       used 89305K, capacity 98228K, committed 98456K, reserved 1132544K
  class space    used 12615K, capacity 14975K, committed 15016K, reserved 1048576K
Event: 60.364 GC heap after
Heap after GC invocations=41 (full 4):
 PSYoungGen      total 124416K, used 17071K [0x00000000f5580000, 0x0000000100000000, 0x0000000100000000)
  eden space 74240K, 0% used [0x00000000f5580000,0x00000000f5580000,0x00000000f9e00000)
  from space 50176K, 34% used [0x00000000f9e00000,0x00000000faeabe70,0x00000000fcf00000)
  to   space 47616K, 0% used [0x00000000fd180000,0x00000000fd180000,0x0000000100000000)
 ParOldGen       total 349696K, used 243328K [0x00000000e0000000, 0x00000000f5580000, 0x00000000f5580000)
  object space 349696K, 69% used [0x00000000e0000000,0x00000000eeda00f8,0x00000000f5580000)
 Metaspace       used 89305K, capacity 98228K, committed 98456K, reserved 1132544K
  class space    used 12615K, capacity 14975K, committed 15016K, reserved 1048576K
}
Event: 60.631 GC heap before
{Heap before GC invocations=42 (full 4):
 PSYoungGen      total 124416K, used 91311K [0x00000000f5580000, 0x0000000100000000, 0x0000000100000000)
  eden space 74240K, 100% used [0x00000000f5580000,0x00000000f9e00000,0x00000000f9e00000)
  from space 50176K, 34% used [0x00000000f9e00000,0x00000000faeabe70,0x00000000fcf00000)
  to   space 47616K, 0% used [0x00000000fd180000,0x00000000fd180000,0x0000000100000000)
 ParOldGen       total 349696K, used 243328K [0x00000000e0000000, 0x00000000f5580000, 0x00000000f5580000)
  object space 349696K, 69% used [0x00000000e0000000,0x00000000eeda00f8,0x00000000f5580000)
 Metaspace       used 89971K, capacity 99106K, committed 99352K, reserved 1134592K
  class space    used 12712K, capacity 15080K, committed 15144K, reserved 1048576K
Event: 60.652 GC heap after
Heap after GC invocations=42 (full 4):
 PSYoungGen      total 121856K, used 3517K [0x00000000f5580000, 0x00000000ffd80000, 0x0000000100000000)
  eden space 76800K, 0% used [0x00000000f5580000,0x00000000f5580000,0x00000000fa080000)
  from space 45056K, 7% used [0x00000000fd180000,0x00000000fd4ef4f0,0x00000000ffd80000)
  to   space 47616K, 0% used [0x00000000fa080000,0x00000000fa080000,0x00000000fcf00000)
 ParOldGen       total 349696K, used 259231K [0x00000000e0000000, 0x00000000f5580000, 0x00000000f5580000)
  object space 349696K, 74% used [0x00000000e0000000,0x00000000efd27ea0,0x00000000f5580000)
 Metaspace       used 89971K, capacity 99106K, committed 99352K, reserved 1134592K
  class space    used 12712K, capacity 15080K, committed 15144K, reserved 1048576K
}
Event: 60.913 GC heap before
{Heap before GC invocations=43 (full 4):
 PSYoungGen      total 121856K, used 80193K [0x00000000f5580000, 0x00000000ffd80000, 0x0000000100000000)
  eden space 76800K, 99% used [0x00000000f5580000,0x00000000fa0610f8,0x00000000fa080000)
  from space 45056K, 7% used [0x00000000fd180000,0x00000000fd4ef4f0,0x00000000ffd80000)
  to   space 47616K, 0% used [0x00000000fa080000,0x00000000fa080000,0x00000000fcf00000)
 ParOldGen       total 349696K, used 259231K [0x00000000e0000000, 0x00000000f5580000, 0x00000000f5580000)
  object space 349696K, 74% used [0x00000000e0000000,0x00000000efd27ea0,0x00000000f5580000)
 Metaspace       used 90179K, capacity 99376K, committed 99608K, reserved 1134592K
  class space    used 12723K, capacity 15123K, committed 15144K, reserved 1048576K
Event: 60.923 GC heap after
Heap after GC invocations=43 (full 4):
 PSYoungGen      total 124416K, used 4511K [0x00000000f5580000, 0x0000000100000000, 0x0000000100000000)
  eden space 76800K, 0% used [0x00000000f5580000,0x00000000f5580000,0x00000000fa080000)
  from space 47616K, 9% used [0x00000000fa080000,0x00000000fa4e7e60,0x00000000fcf00000)
  to   space 47104K, 0% used [0x00000000fd200000,0x00000000fd200000,0x0000000100000000)
 ParOldGen       total 349696K, used 262079K [0x00000000e0000000, 0x00000000f5580000, 0x00000000f5580000)
  object space 349696K, 74% used [0x00000000e0000000,0x00000000effefe10,0x00000000f5580000)
 Metaspace       used 90179K, capacity 99376K, committed 99608K, reserved 1134592K
  class space    used 12723K, capacity 15123K, committed 15144K, reserved 1048576K
}
Event: 61.131 GC heap before
{Heap before GC invocations=44 (full 4):
 PSYoungGen      total 124416K, used 81311K [0x00000000f5580000, 0x0000000100000000, 0x0000000100000000)
  eden space 76800K, 100% used [0x00000000f5580000,0x00000000fa080000,0x00000000fa080000)
  from space 47616K, 9% used [0x00000000fa080000,0x00000000fa4e7e60,0x00000000fcf00000)
  to   space 47104K, 0% used [0x00000000fd200000,0x00000000fd200000,0x0000000100000000)
 ParOldGen       total 349696K, used 262079K [0x00000000e0000000, 0x00000000f5580000, 0x00000000f5580000)
  object space 349696K, 74% used [0x00000000e0000000,0x00000000effefe10,0x00000000f5580000)
 Metaspace       used 90225K, capacity 99446K, committed 99608K, reserved 1134592K
  class space    used 12728K, capacity 15124K, committed 15144K, reserved 1048576K

