# JRE version: OpenJDK Runtime Environment (8.0_275-b01) (build 1.8.0_275-b01)
# Java VM: OpenJDK 64-Bit Server VM (25.275-b01 mixed mode windows-amd64 compressed oops)
Heap:
 PSYoungGen      total 116736K, used 54370K [0x00000000f5580000, 0x0000000100000000, 0x0000000100000000)
  eden space 58880K, 86% used [0x00000000f5580000,0x00000000f873c4d0,0x00000000f8f00000)
  from space 57856K, 5% used [0x00000000fc780000,0x00000000fcadc3c8,0x0000000100000000)
  to   space 57856K, 0% used [0x00000000f8f00000,0x00000000f8f00000,0x00000000fc780000)
 ParOldGen       total 329728K, used 258881K [0x00000000e0000000, 0x00000000f4200000, 0x00000000f5580000)
  object space 329728K, 78% used [0x00000000e0000000,0x00000000efcd0420,0x00000000f4200000)
 Metaspace       used 113662K, capacity 123274K, committed 123480K, reserved 1155072K
  class space    used 15300K, capacity 17728K, committed 17792K, reserved 1048576K
GC Heap History (10 events):
Event: 216.061 GC heap before
{Heap before GC invocations=66 (full 4):
 PSYoungGen      total 116736K, used 59584K [0x00000000f5580000, 0x0000000100000000, 0x0000000100000000)
  eden space 58880K, 100% used [0x00000000f5580000,0x00000000f8f00000,0x00000000f8f00000)
  from space 57856K, 1% used [0x00000000f8f00000,0x00000000f8fb0000,0x00000000fc780000)
  to   space 57856K, 0% used [0x00000000fc780000,0x00000000fc780000,0x0000000100000000)
 ParOldGen       total 329728K, used 231067K [0x00000000e0000000, 0x00000000f4200000, 0x00000000f5580000)
  object space 329728K, 70% used [0x00000000e0000000,0x00000000ee1a6ef0,0x00000000f4200000)
 Metaspace       used 112957K, capacity 122532K, committed 122584K, reserved 1155072K
  class space    used 15217K, capacity 17621K, committed 17664K, reserved 1048576K
Event: 216.069 GC heap after
Heap after GC invocations=66 (full 4):
 PSYoungGen      total 116736K, used 4716K [0x00000000f5580000, 0x0000000100000000, 0x0000000100000000)
  eden space 58880K, 0% used [0x00000000f5580000,0x00000000f5580000,0x00000000f8f00000)
  from space 57856K, 8% used [0x00000000fc780000,0x00000000fcc1b0a8,0x0000000100000000)
  to   space 57856K, 0% used [0x00000000f8f00000,0x00000000f8f00000,0x00000000fc780000)
 ParOldGen       total 329728K, used 231402K [0x00000000e0000000, 0x00000000f4200000, 0x00000000f5580000)
  object space 329728K, 70% used [0x00000000e0000000,0x00000000ee1faa70,0x00000000f4200000)
 Metaspace       used 112957K, capacity 122532K, committed 122584K, reserved 1155072K
  class space    used 15217K, capacity 17621K, committed 17664K, reserved 1048576K
}
Event: 216.184 GC heap before
{Heap before GC invocations=67 (full 4):
 PSYoungGen      total 116736K, used 63596K [0x00000000f5580000, 0x0000000100000000, 0x0000000100000000)
  eden space 58880K, 100% used [0x00000000f5580000,0x00000000f8f00000,0x00000000f8f00000)
  from space 57856K, 8% used [0x00000000fc780000,0x00000000fcc1b0a8,0x0000000100000000)
  to   space 57856K, 0% used [0x00000000f8f00000,0x00000000f8f00000,0x00000000fc780000)
 ParOldGen       total 329728K, used 231402K [0x00000000e0000000, 0x00000000f4200000, 0x00000000f5580000)
  object space 329728K, 70% used [0x00000000e0000000,0x00000000ee1faa70,0x00000000f4200000)
 Metaspace       used 113044K, capacity 122600K, committed 122840K, reserved 1155072K
  class space    used 15219K, capacity 17621K, committed 17664K, reserved 1048576K
Event: 216.197 GC heap after
Heap after GC invocations=67 (full 4):
 PSYoungGen      total 116736K, used 9208K [0x00000000f5580000, 0x0000000100000000, 0x0000000100000000)
  eden space 58880K, 0% used [0x00000000f5580000,0x00000000f5580000,0x00000000f8f00000)
  from space 57856K, 15% used [0x00000000f8f00000,0x00000000f97fe300,0x00000000fc780000)
  to   space 57856K, 0% used [0x00000000fc780000,0x00000000fc780000,0x0000000100000000)
 ParOldGen       total 329728K, used 235658K [0x00000000e0000000, 0x00000000f4200000, 0x00000000f5580000)
  object space 329728K, 71% used [0x00000000e0000000,0x00000000ee622b30,0x00000000f4200000)
 Metaspace       used 113044K, capacity 122600K, committed 122840K, reserved 1155072K
  class space    used 15219K, capacity 17621K, committed 17664K, reserved 1048576K
}
Event: 216.343 GC heap before
{Heap before GC invocations=68 (full 4):
 PSYoungGen      total 116736K, used 68088K [0x00000000f5580000, 0x0000000100000000, 0x0000000100000000)
  eden space 58880K, 100% used [0x00000000f5580000,0x00000000f8f00000,0x00000000f8f00000)
  from space 57856K, 15% used [0x00000000f8f00000,0x00000000f97fe300,0x00000000fc780000)
  to   space 57856K, 0% used [0x00000000fc780000,0x00000000fc780000,0x0000000100000000)
 ParOldGen       total 329728K, used 235658K [0x00000000e0000000, 0x00000000f4200000, 0x00000000f5580000)
  object space 329728K, 71% used [0x00000000e0000000,0x00000000ee622b30,0x00000000f4200000)
 Metaspace       used 113191K, capacity 122792K, committed 122840K, reserved 1155072K
  class space    used 15236K, capacity 17657K, committed 17664K, reserved 1048576K
Event: 216.359 GC heap after
Heap after GC invocations=68 (full 4):
 PSYoungGen      total 116736K, used 9407K [0x00000000f5580000, 0x0000000100000000, 0x0000000100000000)
  eden space 58880K, 0% used [0x00000000f5580000,0x00000000f5580000,0x00000000f8f00000)
  from space 57856K, 16% used [0x00000000fc780000,0x00000000fd0afd80,0x0000000100000000)
  to   space 57856K, 0% used [0x00000000f8f00000,0x00000000f8f00000,0x00000000fc780000)
 ParOldGen       total 329728K, used 243981K [0x00000000e0000000, 0x00000000f4200000, 0x00000000f5580000)
  object space 329728K, 73% used [0x00000000e0000000,0x00000000eee43648,0x00000000f4200000)
 Metaspace       used 113191K, capacity 122792K, committed 122840K, reserved 1155072K
  class space    used 15236K, capacity 17657K, committed 17664K, reserved 1048576K
}
Event: 216.455 GC heap before
{Heap before GC invocations=69 (full 4):
 PSYoungGen      total 116736K, used 68287K [0x00000000f5580000, 0x0000000100000000, 0x0000000100000000)
  eden space 58880K, 100% used [0x00000000f5580000,0x00000000f8f00000,0x00000000f8f00000)
  from space 57856K, 16% used [0x00000000fc780000,0x00000000fd0afd80,0x0000000100000000)
  to   space 57856K, 0% used [0x00000000f8f00000,0x00000000f8f00000,0x00000000fc780000)
 ParOldGen       total 329728K, used 243981K [0x00000000e0000000, 0x00000000f4200000, 0x00000000f5580000)
  object space 329728K, 73% used [0x00000000e0000000,0x00000000eee43648,0x00000000f4200000)
 Metaspace       used 113394K, capacity 122966K, committed 123224K, reserved 1155072K
  class space    used 15274K, capacity 17692K, committed 17792K, reserved 1048576K
Event: 216.466 GC heap after
Heap after GC invocations=69 (full 4):
 PSYoungGen      total 116736K, used 8533K [0x00000000f5580000, 0x0000000100000000, 0x0000000100000000)
  eden space 58880K, 0% used [0x00000000f5580000,0x00000000f5580000,0x00000000f8f00000)
  from space 57856K, 14% used [0x00000000f8f00000,0x00000000f9755758,0x00000000fc780000)
  to   space 57856K, 0% used [0x00000000fc780000,0x00000000fc780000,0x0000000100000000)
 ParOldGen       total 329728K, used 251683K [0x00000000e0000000, 0x00000000f4200000, 0x00000000f5580000)
  object space 329728K, 76% used [0x00000000e0000000,0x00000000ef5c8c80,0x00000000f4200000)
 Metaspace       used 113394K, capacity 122966K, committed 123224K, reserved 1155072K
  class space    used 15274K, capacity 17692K, committed 17792K, reserved 1048576K
}
Event: 216.605 GC heap before
{Heap before GC invocations=70 (full 4):
 PSYoungGen      total 116736K, used 67413K [0x00000000f5580000, 0x0000000100000000, 0x0000000100000000)
  eden space 58880K, 100% used [0x00000000f5580000,0x00000000f8f00000,0x00000000f8f00000)
  from space 57856K, 14% used [0x00000000f8f00000,0x00000000f9755758,0x00000000fc780000)
  to   space 57856K, 0% used [0x00000000fc780000,0x00000000fc780000,0x0000000100000000)
 ParOldGen       total 329728K, used 251683K [0x00000000e0000000, 0x00000000f4200000, 0x00000000f5580000)
  object space 329728K, 76% used [0x00000000e0000000,0x00000000ef5c8c80,0x00000000f4200000)
 Metaspace       used 113596K, capacity 123210K, committed 123480K, reserved 1155072K
  class space    used 15300K, capacity 17728K, committed 17792K, reserved 1048576K
Event: 216.613 GC heap after
Heap after GC invocations=70 (full 4):
 PSYoungGen      total 116736K, used 3440K [0x00000000f5580000, 0x0000000100000000, 0x0000000100000000)
  eden space 58880K, 0% used [0x00000000f5580000,0x00000000f5580000,0x00000000f8f00000)
  from space 57856K, 5% used [0x00000000fc780000,0x00000000fcadc3c8,0x0000000100000000)
  to   space 57856K, 0% used [0x00000000f8f00000,0x00000000f8f00000,0x00000000fc780000)
 ParOldGen       total 329728K, used 258881K [0x00000000e0000000, 0x00000000f4200000, 0x00000000f5580000)
  object space 329728K, 78% used [0x00000000e0000000,0x00000000efcd0420,0x00000000f4200000)
 Metaspace       used 113596K, capacity 123210K, committed 123480K, reserved 1155072K
  class space    used 15300K, capacity 17728K, committed 17792K, reserved 1048576K
}

